<?xml version="1.0" encoding="UTF-8"?>
<testsuite xmlns:xsi="http://www.w3.org/2001/XMLSchema-instance" xsi:noNamespaceSchemaLocation="https://maven.apache.org/surefire/maven-surefire-plugin/xsd/surefire-test-report-3.0.xsd" version="3.0" name="com.example.sms.SmsApplicationTests" time="37.307" tests="1" errors="0" skipped="0" failures="0">
  <properties>
[...]
</properties>
  <testcase name="contextLoads" classname="com.example.sms.SmsApplicationTests" time="2.547">
    <system-out><![CDATA[Standard Commons Logging discovery in action with spring-jcl: please remove commons-logging.jar from classpath in order to avoid potential conflicts
22:54:56.528 [main] INFO org.springframework.test.context.support.AnnotationConfigContextLoaderUtils -- Could not detect default configuration classes for test class [com.example.sms.SmsApplicationTests]: SmsApplicationTests does not declare any static, non-private, non-final, nested classes annotated with @Configuration.
22:54:57.071 [main] INFO org.springframework.boot.test.context.SpringBootTestContextBootstrapper -- Found @SpringBootConfiguration com.example.sms.SmsApplication for test class com.example.sms.SmsApplicationTests

  .   ____          _            __ _ _
 /\\ / ___'_ __ _ _(_)_ __  __ _ \ \ \ \
( ( )\___ | '_ | '_| | '_ \/ _` | \ \ \ \
 \\/  ___)| |_)| | | | | || (_| |  ) ) ) )
  '  |____| .__|_| |_|_| |_\__, | / / / /
 =========|_|==============|___/=/_/_/_/
 :: Spring Boot ::                (v3.1.3)

2024-05-02T22:54:59.534-07:00  INFO 13876 --- [           main] com.example.sms.SmsApplicationTests      : Starting SmsApplicationTests using Java 17.0.10 with PID 13876 (started by com in F:\School Management System\sms)
2024-05-02T22:54:59.539-07:00  INFO 13876 --- [           main] com.example.sms.SmsApplicationTests      : No active profile set, falling back to 1 default profile: "default"
2024-05-02T22:55:05.212-07:00  INFO 13876 --- [           main] .s.d.r.c.RepositoryConfigurationDelegate : Bootstrapping Spring Data JPA repositories in DEFAULT mode.
2024-05-02T22:55:05.869-07:00  INFO 13876 --- [           main] .s.d.r.c.RepositoryConfigurationDelegate : Finished Spring Data repository scanning in 625 ms. Found 10 JPA repository interfaces.
2024-05-02T22:55:08.912-07:00  INFO 13876 --- [           main] o.hibernate.jpa.internal.util.LogHelper  : HHH000204: Processing PersistenceUnitInfo [name: default]
2024-05-02T22:55:09.341-07:00  INFO 13876 --- [           main] org.hibernate.Version                    : HHH000412: Hibernate ORM core version 6.2.7.Final
2024-05-02T22:55:09.349-07:00  INFO 13876 --- [           main] org.hibernate.cfg.Environment            : HHH000406: Using bytecode reflection optimizer
2024-05-02T22:55:10.484-07:00  INFO 13876 --- [           main] o.h.b.i.BytecodeProviderInitiator        : HHH000021: Bytecode provider name : bytebuddy
2024-05-02T22:55:11.262-07:00  INFO 13876 --- [           main] o.s.o.j.p.SpringPersistenceUnitInfo      : No LoadTimeWeaver setup: ignoring JPA class transformer
2024-05-02T22:55:11.414-07:00  INFO 13876 --- [           main] com.zaxxer.hikari.HikariDataSource       : HikariPool-1 - Starting...
2024-05-02T22:55:13.471-07:00  INFO 13876 --- [           main] com.zaxxer.hikari.pool.HikariPool        : HikariPool-1 - Added connection com.mysql.cj.jdbc.ConnectionImpl@6de610c6
2024-05-02T22:55:13.478-07:00  INFO 13876 --- [           main] com.zaxxer.hikari.HikariDataSource       : HikariPool-1 - Start completed.
2024-05-02T22:55:13.983-07:00  WARN 13876 --- [           main] org.hibernate.orm.deprecation            : HHH90000026: MySQL8Dialect has been deprecated; use org.hibernate.dialect.MySQLDialect instead
2024-05-02T22:55:15.753-07:00  INFO 13876 --- [           main] o.h.b.i.BytecodeProviderInitiator        : HHH000021: Bytecode provider name : bytebuddy
2024-05-02T22:55:19.802-07:00  INFO 13876 --- [           main] o.h.e.t.j.p.i.JtaPlatformInitiator       : HHH000490: Using JtaPlatform implementation: [org.hibernate.engine.transaction.jta.platform.internal.NoJtaPlatform]
Hibernate: alter table login_info modify column role  enum ('ADMIN','PARENT','STUDENT','TEACHER')
Hibernate: alter table parent modify column pic  mediumtext
Hibernate: alter table student modify column pic  mediumtext
Hibernate: alter table teacher modify column pic  mediumtext
2024-05-02T22:55:21.907-07:00  INFO 13876 --- [           main] j.LocalContainerEntityManagerFactoryBean : Initialized JPA EntityManagerFactory for persistence unit 'default'
2024-05-02T22:55:24.351-07:00  WARN 13876 --- [           main] JpaBaseConfiguration$JpaWebConfiguration : spring.jpa.open-in-view is enabled by default. Therefore, database queries may be performed during view rendering. Explicitly configure spring.jpa.open-in-view to disable this warning
2024-05-02T22:55:25.802-07:00  INFO 13876 --- [           main] o.s.s.web.DefaultSecurityFilterChain     : Will secure any request with [org.springframework.security.web.session.DisableEncodeUrlFilter@147203c2, org.springframework.security.web.context.request.async.WebAsyncManagerIntegrationFilter@11df0bc7, org.springframework.security.web.context.SecurityContextHolderFilter@27563444, org.springframework.security.web.header.HeaderWriterFilter@4fd70118, org.springframework.security.web.authentication.logout.LogoutFilter@1851f19f, com.example.sms.util.JwtAuthFilter@20843604, org.springframework.security.web.savedrequest.RequestCacheAwareFilter@73796ae5, org.springframework.security.web.servletapi.SecurityContextHolderAwareRequestFilter@3956e933, org.springframework.security.web.authentication.AnonymousAuthenticationFilter@66c88fce, org.springframework.security.web.access.ExceptionTranslationFilter@671561b9, org.springframework.security.web.access.intercept.FilterSecurityInterceptor@a15e3c1]
2024-05-02T22:55:29.692-07:00  INFO 13876 --- [           main] o.s.b.a.e.web.EndpointLinksResolver      : Exposing 1 endpoint(s) beneath base path '/actuator'
2024-05-02T22:55:30.101-07:00  INFO 13876 --- [           main] com.example.sms.SmsApplicationTests      : Started SmsApplicationTests in 32.105 seconds (process running for 36.683)
]]></system-out>
  </testcase>
</testsuite>